  main.cpp
  ApplicationManager.cpp
  Output.cpp
cl : command line warning D9035: option 'Gm' has been deprecated and will be removed in a future release
C:\Users\mahmo\CMP\First_Year\Paint_For_Kids_Final_Version\Paint For Kids Final Version\Phase2 - Project Framework\GUI\Output.cpp(277,8): warning C4101: 'Pwait': unreferenced local variable
C:\Users\mahmo\CMP\First_Year\Paint_For_Kids_Final_Version\Paint For Kids Final Version\Phase2 - Project Framework\GUI\Output.cpp(345,24): warning C4244: '+=': conversion from 'double' to 'int', possible loss of data
  Input.cpp
  CTriangle.cpp
C:\Users\mahmo\CMP\First_Year\Paint_For_Kids_Final_Version\Paint For Kids Final Version\Phase2 - Project Framework\GUI\Output.cpp(351,27): warning C4244: '-=': conversion from 'double' to 'int', possible loss of data
C:\Users\mahmo\CMP\First_Year\Paint_For_Kids_Final_Version\Paint For Kids Final Version\Phase2 - Project Framework\Figures\CTriangle.cpp(23,13): warning C4244: 'initializing': conversion from 'double' to 'float', possible loss of data
C:\Users\mahmo\CMP\First_Year\Paint_For_Kids_Final_Version\Paint For Kids Final Version\Phase2 - Project Framework\Figures\CTriangle.cpp(30,16): warning C4244: 'initializing': conversion from 'float' to 'int', possible loss of data
C:\Users\mahmo\CMP\First_Year\Paint_For_Kids_Final_Version\Paint For Kids Final Version\Phase2 - Project Framework\Figures\CTriangle.cpp(32,12): warning C4244: 'initializing': conversion from 'float' to 'int', possible loss of data
C:\Users\mahmo\CMP\First_Year\Paint_For_Kids_Final_Version\Paint For Kids Final Version\Phase2 - Project Framework\Figures\CTriangle.cpp(33,12): warning C4244: 'initializing': conversion from 'float' to 'int', possible loss of data
  CRhombos.cpp
C:\Users\mahmo\CMP\First_Year\Paint_For_Kids_Final_Version\Paint For Kids Final Version\Phase2 - Project Framework\Figures\CTriangle.cpp(34,12): warning C4244: 'initializing': conversion from 'float' to 'int', possible loss of data
  AddRectAction.cpp
  CRectangle.cpp
  CLine.cpp
C:\Users\mahmo\CMP\First_Year\Paint_For_Kids_Final_Version\Paint For Kids Final Version\Phase2 - Project Framework\Figures\CRhombos.cpp(21,19): warning C4244: 'initializing': conversion from 'double' to 'float', possible loss of data
C:\Users\mahmo\CMP\First_Year\Paint_For_Kids_Final_Version\Paint For Kids Final Version\Phase2 - Project Framework\Figures\CLine.cpp(40,17): warning C4244: 'initializing': conversion from 'double' to 'int', possible loss of data
  CFigure.cpp
  CEllipse.cpp
  windowinput.cpp
  mousequeue.cpp
  keyqueue.cpp
  image.cpp
C:\Users\mahmo\CMP\First_Year\Paint_For_Kids_Final_Version\Paint For Kids Final Version\Phase2 - Project Framework\Figures\CLine.cpp(90,13): warning C4244: 'initializing': conversion from 'double' to 'int', possible loss of data
  colors.cpp
  CMUgraphics.cpp
C:\Users\mahmo\CMP\First_Year\Paint_For_Kids_Final_Version\Paint For Kids Final Version\Phase2 - Project Framework\CMUgraphicsLib\image.cpp(115,29): warning C4018: '<': signed/unsigned mismatch
C:\Users\mahmo\CMP\First_Year\Paint_For_Kids_Final_Version\Paint For Kids Final Version\Phase2 - Project Framework\CMUgraphicsLib\CMUgraphics.cpp(257,9): warning C4101: 'iX': unreferenced local variable
C:\Users\mahmo\CMP\First_Year\Paint_For_Kids_Final_Version\Paint For Kids Final Version\Phase2 - Project Framework\CMUgraphicsLib\CMUgraphics.cpp(257,13): warning C4101: 'iY': unreferenced local variable
C:\Users\mahmo\CMP\First_Year\Paint_For_Kids_Final_Version\Paint For Kids Final Version\Phase2 - Project Framework\CMUgraphicsLib\CMUgraphics.cpp(751,1): warning C4996: 'strcpy': This function or variable may be unsafe. Consider using strcpy_s instead. To disable deprecation, use _CRT_SECURE_NO_WARNINGS. See online help for details.
C:\Program Files (x86)\Windows Kits\10\Include\10.0.18362.0\ucrt\string.h(133): message : see declaration of 'strcpy'
C:\Users\mahmo\CMP\First_Year\Paint_For_Kids_Final_Version\Paint For Kids Final Version\Phase2 - Project Framework\CMUgraphicsLib\CMUgraphics.cpp(1164,1): warning C4996: 'sprintf': This function or variable may be unsafe. Consider using sprintf_s instead. To disable deprecation, use _CRT_SECURE_NO_WARNINGS. See online help for details.
C:\Program Files (x86)\Windows Kits\10\Include\10.0.18362.0\ucrt\stdio.h(1774): message : see declaration of 'sprintf'
C:\Users\mahmo\CMP\First_Year\Paint_For_Kids_Final_Version\Paint For Kids Final Version\Phase2 - Project Framework\CMUgraphicsLib\CMUgraphics.cpp(1171,1): warning C4996: 'sprintf': This function or variable may be unsafe. Consider using sprintf_s instead. To disable deprecation, use _CRT_SECURE_NO_WARNINGS. See online help for details.
C:\Program Files (x86)\Windows Kits\10\Include\10.0.18362.0\ucrt\stdio.h(1774): message : see declaration of 'sprintf'
C:\Users\mahmo\CMP\First_Year\Paint_For_Kids_Final_Version\Paint For Kids Final Version\Phase2 - Project Framework\CMUgraphicsLib\CMUgraphics.cpp(1202,1): warning C4996: 'sprintf': This function or variable may be unsafe. Consider using sprintf_s instead. To disable deprecation, use _CRT_SECURE_NO_WARNINGS. See online help for details.
C:\Program Files (x86)\Windows Kits\10\Include\10.0.18362.0\ucrt\stdio.h(1774): message : see declaration of 'sprintf'
C:\Users\mahmo\CMP\First_Year\Paint_For_Kids_Final_Version\Paint For Kids Final Version\Phase2 - Project Framework\CMUgraphicsLib\CMUgraphics.cpp(1210,1): warning C4996: 'sprintf': This function or variable may be unsafe. Consider using sprintf_s instead. To disable deprecation, use _CRT_SECURE_NO_WARNINGS. See online help for details.
C:\Program Files (x86)\Windows Kits\10\Include\10.0.18362.0\ucrt\stdio.h(1774): message : see declaration of 'sprintf'
  auxil.cpp
  SwitchToPlayMode.cpp
  SwitchtoDraw.cpp
  Generating Code...
C:\Users\mahmo\CMP\First_Year\Paint_For_Kids_Final_Version\Paint For Kids Final Version\Phase2 - Project Framework\CMUgraphicsLib\CMUgraphics.cpp(1357,23): warning C4018: '>': signed/unsigned mismatch
C:\Users\mahmo\CMP\First_Year\Paint_For_Kids_Final_Version\Paint For Kids Final Version\Phase2 - Project Framework\Figures\CRectangle.cpp(63): warning C4715: 'CRectangle::Isinsideboundaries': not all control paths return a value
  Compiling...
  sound.cpp
  SendToBack.cpp
  SelectFig.cpp
  SaveByType.cpp
  SaveAction.cpp
  ReSize.cpp
  paste_figure.cpp
C:\Users\mahmo\CMP\First_Year\Paint_For_Kids_Final_Version\Paint For Kids Final Version\Phase2 - Project Framework\ApplicationManager.cpp(435): warning C4715: 'ApplicationManager::isFound': not all control paths return a value
C:\Users\mahmo\CMP\First_Year\Paint_For_Kids_Final_Version\Paint For Kids Final Version\Phase2 - Project Framework\Actions\paste_figure.cpp(16,21): warning C4129: 'c': unrecognized character escape sequence
C:\Users\mahmo\CMP\First_Year\Paint_For_Kids_Final_Version\Paint For Kids Final Version\Phase2 - Project Framework\Actions\paste_figure.cpp(96,15): warning C4244: 'initializing': conversion from 'double' to 'int', possible loss of data
C:\Users\mahmo\CMP\First_Year\Paint_For_Kids_Final_Version\Paint For Kids Final Version\Phase2 - Project Framework\Actions\paste_figure.cpp(97,15): warning C4244: 'initializing': conversion from 'double' to 'int', possible loss of data
C:\Users\mahmo\CMP\First_Year\Paint_For_Kids_Final_Version\Paint For Kids Final Version\Phase2 - Project Framework\Actions\paste_figure.cpp(135,15): warning C4244: 'initializing': conversion from 'double' to 'int', possible loss of data
C:\Users\mahmo\CMP\First_Year\Paint_For_Kids_Final_Version\Paint For Kids Final Version\Phase2 - Project Framework\Actions\paste_figure.cpp(136,15): warning C4244: 'initializing': conversion from 'double' to 'int', possible loss of data
C:\Users\mahmo\CMP\First_Year\Paint_For_Kids_Final_Version\Paint For Kids Final Version\Phase2 - Project Framework\Actions\paste_figure.cpp(170,15): warning C4244: '=': conversion from 'double' to 'int', possible loss of data
C:\Users\mahmo\CMP\First_Year\Paint_For_Kids_Final_Version\Paint For Kids Final Version\Phase2 - Project Framework\Actions\paste_figure.cpp(171,16): warning C4244: '=': conversion from 'double' to 'int', possible loss of data
C:\Users\mahmo\CMP\First_Year\Paint_For_Kids_Final_Version\Paint For Kids Final Version\Phase2 - Project Framework\Actions\paste_figure.cpp(172,16): warning C4244: '=': conversion from 'double' to 'int', possible loss of data
  LoadAction.cpp
  DeleteFig.cpp
  cut_figure.cpp
  copy_figure.cpp
  ChangeFillColour.cpp
  ChangeDrawClr.cpp
  ByType.cpp
C:\Users\mahmo\CMP\First_Year\Paint_For_Kids_Final_Version\Paint For Kids Final Version\Phase2 - Project Framework\Actions\paste_figure.cpp(173,17): warning C4244: '=': conversion from 'double' to 'int', possible loss of data
C:\Users\mahmo\CMP\First_Year\Paint_For_Kids_Final_Version\Paint For Kids Final Version\Phase2 - Project Framework\Actions\ByType.cpp(45,12): warning C4244: 'argument': conversion from 'time_t' to 'unsigned int', possible loss of data
  ByClr.cpp
C:\Users\mahmo\CMP\First_Year\Paint_For_Kids_Final_Version\Paint For Kids Final Version\Phase2 - Project Framework\Actions\ByType.cpp(30,6): warning C4101: 'r': unreferenced local variable
C:\Users\mahmo\CMP\First_Year\Paint_For_Kids_Final_Version\Paint For Kids Final Version\Phase2 - Project Framework\Actions\ByClr.cpp(64,12): warning C4244: 'argument': conversion from 'time_t' to 'unsigned int', possible loss of data
  BringForward.cpp
  AddTriAction.cpp
  AddRhomAction.cpp
  AddLineAction.cpp
  AddEllAction.cpp
  Generating Code...
C:\Users\mahmo\CMP\First_Year\Paint_For_Kids_Final_Version\Paint For Kids Final Version\Phase2 - Project Framework\Actions\ByClr.cpp(32,6): warning C4101: 'r': unreferenced local variable
  jutils.c
  jquant2.c
  jquant1.c
  jmemnobs.c
  jmemmgr.c
cl : command line warning D9035: option 'Gm' has been deprecated and will be removed in a future release
C:\Users\mahmo\CMP\First_Year\Paint_For_Kids_Final_Version\Paint For Kids Final Version\Phase2 - Project Framework\CMUgraphicsLib\jpeg\jmemmgr.c(1103,1): warning C4996: 'getenv': This function or variable may be unsafe. Consider using _dupenv_s instead. To disable deprecation, use _CRT_SECURE_NO_WARNINGS. See online help for details.
C:\Program Files (x86)\Windows Kits\10\Include\10.0.18362.0\ucrt\stdlib.h(1191): message : see declaration of 'getenv'
C:\Users\mahmo\CMP\First_Year\Paint_For_Kids_Final_Version\Paint For Kids Final Version\Phase2 - Project Framework\CMUgraphicsLib\jpeg\jmemmgr.c(1106,1): warning C4996: 'sscanf': This function or variable may be unsafe. Consider using sscanf_s instead. To disable deprecation, use _CRT_SECURE_NO_WARNINGS. See online help for details.
  jidctred.c
  jidctint.c
  jidctfst.c
  jidctflt.c
  jerror.c
C:\Program Files (x86)\Windows Kits\10\Include\10.0.18362.0\ucrt\stdio.h(2263): message : see declaration of 'sscanf'
C:\Users\mahmo\CMP\First_Year\Paint_For_Kids_Final_Version\Paint For Kids Final Version\Phase2 - Project Framework\CMUgraphicsLib\jpeg\jerror.c(169,1): warning C4996: 'sprintf': This function or variable may be unsafe. Consider using sprintf_s instead. To disable deprecation, use _CRT_SECURE_NO_WARNINGS. See online help for details.
C:\Program Files (x86)\Windows Kits\10\Include\10.0.18362.0\ucrt\stdio.h(1774): message : see declaration of 'sprintf'
C:\Users\mahmo\CMP\First_Year\Paint_For_Kids_Final_Version\Paint For Kids Final Version\Phase2 - Project Framework\CMUgraphicsLib\jpeg\jerror.c(171,1): warning C4996: 'sprintf': This function or variable may be unsafe. Consider using sprintf_s instead. To disable deprecation, use _CRT_SECURE_NO_WARNINGS. See online help for details.
  jdtrans.c
  jdsample.c
  jdpostct.c
  jdphuff.c
  jdmerge.c
  jdmaster.c
  jdmarker.c
  jdmainct.c
  jdinput.c
  jdhuff.c
  Generating Code...
  Compiling...
  jddctmgr.c
  jdcolor.c
  jdcoefct.c
  jdatasrc.c
  jdapistd.c
  jdapimin.c
  jcparam.c
  jcomapi.c
  jpegload.c
C:\Program Files (x86)\Windows Kits\10\Include\10.0.18362.0\ucrt\stdio.h(1774): message : see declaration of 'sprintf'
C:\Users\mahmo\CMP\First_Year\Paint_For_Kids_Final_Version\Paint For Kids Final Version\Phase2 - Project Framework\CMUgraphicsLib\jpegload.c(23,1): warning C4996: 'fopen': This function or variable may be unsafe. Consider using fopen_s instead. To disable deprecation, use _CRT_SECURE_NO_WARNINGS. See online help for details.
  Generating Code...
C:\Program Files (x86)\Windows Kits\10\Include\10.0.18362.0\ucrt\stdio.h(208): message : see declaration of 'fopen'
AddEllAction.obj : warning LNK4075: ignoring '/EDITANDCONTINUE' due to '/SAFESEH' specification
  PT-Project.vcxproj -> C:\Users\mahmo\CMP\First_Year\Paint_For_Kids_Final_Version\Paint For Kids Final Version\Phase2 - Project Framework\.\Debug\PT Project.exe
